D:\Projects\pets.demo\Pets\Website\wwwroot\lib\olive.mvc\dist\config.js
D:\Projects\pets.demo\Pets\Website\wwwroot\lib\olive.mvc\typings\config.d.ts
D:\Projects\pets.demo\Pets\Website\wwwroot\lib\olive.mvc\dist\components\crossDomainEvent.js
D:\Projects\pets.demo\Pets\Website\wwwroot\lib\olive.mvc\typings\components\crossDomainEvent.d.ts
D:\Projects\pets.demo\Pets\Website\wwwroot\lib\olive.mvc\dist\components\liteEvent.js
D:\Projects\pets.demo\Pets\Website\wwwroot\lib\olive.mvc\typings\components\liteEvent.d.ts
D:\Projects\pets.demo\Pets\Website\wwwroot\lib\olive.mvc\dist\mvc\responseProcessor.js
D:\Projects\pets.demo\Pets\Website\wwwroot\lib\olive.mvc\typings\mvc\responseProcessor.d.ts
D:\Projects\pets.demo\Pets\Website\wwwroot\lib\olive.mvc\dist\components\url.js
D:\Projects\pets.demo\Pets\Website\wwwroot\lib\olive.mvc\typings\components\url.d.ts
D:\Projects\pets.demo\Pets\Website\wwwroot\lib\olive.mvc\dist\components\waiting.js
D:\Projects\pets.demo\Pets\Website\wwwroot\lib\olive.mvc\typings\components\waiting.d.ts
D:\Projects\pets.demo\Pets\Website\wwwroot\lib\olive.mvc\dist\mvc\ajaxRedirect.js
D:\Projects\pets.demo\Pets\Website\wwwroot\lib\olive.mvc\typings\mvc\ajaxRedirect.d.ts
D:\Projects\pets.demo\Pets\Website\wwwroot\lib\olive.mvc\dist\components\alert.js
D:\Projects\pets.demo\Pets\Website\wwwroot\lib\olive.mvc\typings\components\alert.d.ts
D:\Projects\pets.demo\Pets\Website\wwwroot\lib\olive.mvc\dist\plugins\select.js
D:\Projects\pets.demo\Pets\Website\wwwroot\lib\olive.mvc\typings\plugins\select.d.ts
D:\Projects\pets.demo\Pets\Website\wwwroot\lib\olive.mvc\dist\components\modal.js
D:\Projects\pets.demo\Pets\Website\wwwroot\lib\olive.mvc\typings\components\modal.d.ts
D:\Projects\pets.demo\Pets\Website\wwwroot\lib\olive.mvc\dist\components\validate.js
D:\Projects\pets.demo\Pets\Website\wwwroot\lib\olive.mvc\typings\components\validate.d.ts
D:\Projects\pets.demo\Pets\Website\wwwroot\lib\olive.mvc\dist\components\form.js
D:\Projects\pets.demo\Pets\Website\wwwroot\lib\olive.mvc\typings\components\form.d.ts
D:\Projects\pets.demo\Pets\Website\wwwroot\lib\olive.mvc\dist\mvc\standardAction.js
D:\Projects\pets.demo\Pets\Website\wwwroot\lib\olive.mvc\typings\mvc\standardAction.d.ts
D:\Projects\pets.demo\Pets\Website\wwwroot\lib\olive.mvc\dist\mvc\serverInvoker.js
D:\Projects\pets.demo\Pets\Website\wwwroot\lib\olive.mvc\typings\mvc\serverInvoker.d.ts
D:\Projects\pets.demo\Pets\Website\wwwroot\lib\olive.mvc\dist\mvc\windowEx.js
D:\Projects\pets.demo\Pets\Website\wwwroot\lib\olive.mvc\typings\mvc\windowEx.d.ts
D:\Projects\pets.demo\Pets\Website\wwwroot\lib\olive.mvc\dist\extensions\jQueryExtensions.js
D:\Projects\pets.demo\Pets\Website\wwwroot\lib\olive.mvc\typings\extensions\jQueryExtensions.d.ts
D:\Projects\pets.demo\Pets\Website\wwwroot\lib\olive.mvc\dist\extensions\systemExtensions.js
D:\Projects\pets.demo\Pets\Website\wwwroot\lib\olive.mvc\typings\extensions\systemExtensions.d.ts
D:\Projects\pets.demo\Pets\Website\wwwroot\lib\olive.mvc\dist\components\sorting.js
D:\Projects\pets.demo\Pets\Website\wwwroot\lib\olive.mvc\typings\components\sorting.d.ts
D:\Projects\pets.demo\Pets\Website\wwwroot\lib\olive.mvc\dist\components\paging.js
D:\Projects\pets.demo\Pets\Website\wwwroot\lib\olive.mvc\typings\components\paging.d.ts
D:\Projects\pets.demo\Pets\Website\wwwroot\lib\olive.mvc\dist\components\masterDetail.js
D:\Projects\pets.demo\Pets\Website\wwwroot\lib\olive.mvc\typings\components\masterDetail.d.ts
D:\Projects\pets.demo\Pets\Website\wwwroot\lib\olive.mvc\dist\components\grid.js
D:\Projects\pets.demo\Pets\Website\wwwroot\lib\olive.mvc\typings\components\grid.d.ts
D:\Projects\pets.demo\Pets\Website\wwwroot\lib\olive.mvc\dist\plugins\passwordStength.js
D:\Projects\pets.demo\Pets\Website\wwwroot\lib\olive.mvc\typings\plugins\passwordStength.d.ts
D:\Projects\pets.demo\Pets\Website\wwwroot\lib\olive.mvc\dist\plugins\htmlEditor.js
D:\Projects\pets.demo\Pets\Website\wwwroot\lib\olive.mvc\typings\plugins\htmlEditor.d.ts
D:\Projects\pets.demo\Pets\Website\wwwroot\lib\olive.mvc\dist\plugins\timeControl.js
D:\Projects\pets.demo\Pets\Website\wwwroot\lib\olive.mvc\typings\plugins\timeControl.d.ts
D:\Projects\pets.demo\Pets\Website\wwwroot\lib\olive.mvc\dist\plugins\autoComplete.js
D:\Projects\pets.demo\Pets\Website\wwwroot\lib\olive.mvc\typings\plugins\autoComplete.d.ts
D:\Projects\pets.demo\Pets\Website\wwwroot\lib\olive.mvc\dist\plugins\globalSearch.js
D:\Projects\pets.demo\Pets\Website\wwwroot\lib\olive.mvc\typings\plugins\globalSearch.d.ts
D:\Projects\pets.demo\Pets\Website\wwwroot\lib\olive.mvc\dist\plugins\slider.js
D:\Projects\pets.demo\Pets\Website\wwwroot\lib\olive.mvc\typings\plugins\slider.d.ts
D:\Projects\pets.demo\Pets\Website\wwwroot\lib\olive.mvc\dist\plugins\dateTimePickerBase.js
D:\Projects\pets.demo\Pets\Website\wwwroot\lib\olive.mvc\typings\plugins\dateTimePickerBase.d.ts
D:\Projects\pets.demo\Pets\Website\wwwroot\lib\olive.mvc\dist\plugins\datePicker.js
D:\Projects\pets.demo\Pets\Website\wwwroot\lib\olive.mvc\typings\plugins\datePicker.d.ts
D:\Projects\pets.demo\Pets\Website\wwwroot\lib\olive.mvc\dist\plugins\dateTimePicker.js
D:\Projects\pets.demo\Pets\Website\wwwroot\lib\olive.mvc\typings\plugins\dateTimePicker.d.ts
D:\Projects\pets.demo\Pets\Website\wwwroot\lib\olive.mvc\dist\plugins\numericUpDown.js
D:\Projects\pets.demo\Pets\Website\wwwroot\lib\olive.mvc\typings\plugins\numericUpDown.d.ts
D:\Projects\pets.demo\Pets\Website\wwwroot\lib\olive.mvc\dist\plugins\fileUpload.js
D:\Projects\pets.demo\Pets\Website\wwwroot\lib\olive.mvc\typings\plugins\fileUpload.d.ts
D:\Projects\pets.demo\Pets\Website\wwwroot\lib\olive.mvc\dist\plugins\confirmBox.js
D:\Projects\pets.demo\Pets\Website\wwwroot\lib\olive.mvc\typings\plugins\confirmBox.d.ts
D:\Projects\pets.demo\Pets\Website\wwwroot\lib\olive.mvc\dist\plugins\subMenu.js
D:\Projects\pets.demo\Pets\Website\wwwroot\lib\olive.mvc\typings\plugins\subMenu.d.ts
D:\Projects\pets.demo\Pets\Website\wwwroot\lib\olive.mvc\dist\plugins\instantSearch.js
D:\Projects\pets.demo\Pets\Website\wwwroot\lib\olive.mvc\typings\plugins\instantSearch.d.ts
D:\Projects\pets.demo\Pets\Website\wwwroot\lib\olive.mvc\dist\plugins\dateDropdown.js
D:\Projects\pets.demo\Pets\Website\wwwroot\lib\olive.mvc\typings\plugins\dateDropdown.d.ts
D:\Projects\pets.demo\Pets\Website\wwwroot\lib\olive.mvc\dist\plugins\userHelp.js
D:\Projects\pets.demo\Pets\Website\wwwroot\lib\olive.mvc\typings\plugins\userHelp.d.ts
D:\Projects\pets.demo\Pets\Website\wwwroot\lib\olive.mvc\dist\plugins\multiSelect.js
D:\Projects\pets.demo\Pets\Website\wwwroot\lib\olive.mvc\typings\plugins\multiSelect.d.ts
D:\Projects\pets.demo\Pets\Website\wwwroot\lib\olive.mvc\dist\plugins\customCheckbox.js
D:\Projects\pets.demo\Pets\Website\wwwroot\lib\olive.mvc\typings\plugins\customCheckbox.d.ts
D:\Projects\pets.demo\Pets\Website\wwwroot\lib\olive.mvc\dist\plugins\customRadio.js
D:\Projects\pets.demo\Pets\Website\wwwroot\lib\olive.mvc\typings\plugins\customRadio.d.ts
D:\Projects\pets.demo\Pets\Website\wwwroot\lib\olive.mvc\dist\plugins\ckEditorFileManager.js
D:\Projects\pets.demo\Pets\Website\wwwroot\lib\olive.mvc\typings\plugins\ckEditorFileManager.d.ts
D:\Projects\pets.demo\Pets\Website\wwwroot\lib\olive.mvc\dist\components\grouping.js
D:\Projects\pets.demo\Pets\Website\wwwroot\lib\olive.mvc\typings\components\grouping.d.ts
D:\Projects\pets.demo\Pets\Website\wwwroot\lib\olive.mvc\dist\di\serviceDescription.js
D:\Projects\pets.demo\Pets\Website\wwwroot\lib\olive.mvc\typings\di\serviceDescription.d.ts
D:\Projects\pets.demo\Pets\Website\wwwroot\lib\olive.mvc\dist\di\serviceContainer.js
D:\Projects\pets.demo\Pets\Website\wwwroot\lib\olive.mvc\typings\di\serviceContainer.d.ts
D:\Projects\pets.demo\Pets\Website\wwwroot\lib\olive.mvc\dist\di\services.js
D:\Projects\pets.demo\Pets\Website\wwwroot\lib\olive.mvc\typings\di\services.d.ts
D:\Projects\pets.demo\Pets\Website\wwwroot\lib\olive.mvc\dist\plugins\sanityAdapter.js
D:\Projects\pets.demo\Pets\Website\wwwroot\lib\olive.mvc\typings\plugins\sanityAdapter.d.ts
D:\Projects\pets.demo\Pets\Website\wwwroot\lib\olive.mvc\dist\plugins\testingContext.js
D:\Projects\pets.demo\Pets\Website\wwwroot\lib\olive.mvc\typings\plugins\testingContext.d.ts
D:\Projects\pets.demo\Pets\Website\wwwroot\lib\olive.mvc\dist\olivePage.js
D:\Projects\pets.demo\Pets\Website\wwwroot\lib\olive.mvc\typings\olivePage.d.ts
D:\Projects\pets.demo\Pets\Website\wwwroot\lib\olive.mvc\dist\di\IService.js
D:\Projects\pets.demo\Pets\Website\wwwroot\lib\olive.mvc\typings\di\IService.d.ts
D:\Projects\pets.demo\Pets\Website\wwwroot\lib\olive.mvc\dist\di\iServiceLocator.js
D:\Projects\pets.demo\Pets\Website\wwwroot\lib\olive.mvc\typings\di\iServiceLocator.d.ts
D:\Projects\pets.demo\Pets\Website\wwwroot\lib\olive.mvc\dist\di\outParam.js
D:\Projects\pets.demo\Pets\Website\wwwroot\lib\olive.mvc\typings\di\outParam.d.ts
D:\Projects\pets.demo\Pets\Website\wwwroot\lib\olive.mvc\dist\mvc\combinedUtilities.js
D:\Projects\pets.demo\Pets\Website\wwwroot\lib\olive.mvc\typings\mvc\combinedUtilities.d.ts
D:\Projects\pets.demo\Pets\Website\wwwroot\lib\olive.mvc\dist\mvc\formAction.js
D:\Projects\pets.demo\Pets\Website\wwwroot\lib\olive.mvc\typings\mvc\formAction.d.ts
D:\Projects\pets.demo\Pets\Website\wwwroot\lib\olive.mvc\dist\mvc\iInvocationContext.js
D:\Projects\pets.demo\Pets\Website\wwwroot\lib\olive.mvc\typings\mvc\iInvocationContext.d.ts
D:\Projects\pets.demo\Pets\Website\wwwroot\lib\olive.mvc\dist\mvc\interfaces.js
D:\Projects\pets.demo\Pets\Website\wwwroot\lib\olive.mvc\typings\mvc\interfaces.d.ts
